Watching for file changes with StatReloader
Bad Request: /api/signup/
[12/Jan/2026 22:12:04] "POST /api/signup/ HTTP/1.1" 400 50
Bad Request: /api/signup/
[12/Jan/2026 22:12:39] "POST /api/signup/ HTTP/1.1" 400 50
Bad Request: /api/signup/
[12/Jan/2026 22:12:41] "POST /api/signup/ HTTP/1.1" 400 50
Bad Request: /api/signup/
[12/Jan/2026 22:14:41] "POST /api/signup/ HTTP/1.1" 400 50
Internal Server Error: /api/signup/
Traceback (most recent call last):
  File "/Users/sammydoe/Documents/ECOMMERCE/SoftBuy/.venv/lib/python3.13/site-packages/django/core/handlers/exception.py", line 55, in inner
    response = get_response(request)
  File "/Users/sammydoe/Documents/ECOMMERCE/SoftBuy/.venv/lib/python3.13/site-packages/django/core/handlers/base.py", line 198, in _get_response
    response = wrapped_callback(request, *callback_args, **callback_kwargs)
  File "/Users/sammydoe/Documents/ECOMMERCE/SoftBuy/.venv/lib/python3.13/site-packages/django/views/decorators/csrf.py", line 65, in _view_wrapper
    return view_func(request, *args, **kwargs)
  File "/Users/sammydoe/Documents/ECOMMERCE/SoftBuy/.venv/lib/python3.13/site-packages/django/views/generic/base.py", line 106, in view
    return self.dispatch(request, *args, **kwargs)
           ~~~~~~~~~~~~~^^^^^^^^^^^^^^^^^^^^^^^^^^
  File "/Users/sammydoe/Documents/ECOMMERCE/SoftBuy/.venv/lib/python3.13/site-packages/rest_framework/views.py", line 515, in dispatch
    response = self.handle_exception(exc)
  File "/Users/sammydoe/Documents/ECOMMERCE/SoftBuy/.venv/lib/python3.13/site-packages/rest_framework/views.py", line 475, in handle_exception
    self.raise_uncaught_exception(exc)
    ~~~~~~~~~~~~~~~~~~~~~~~~~~~~~^^^^^
  File "/Users/sammydoe/Documents/ECOMMERCE/SoftBuy/.venv/lib/python3.13/site-packages/rest_framework/views.py", line 486, in raise_uncaught_exception
    raise exc
  File "/Users/sammydoe/Documents/ECOMMERCE/SoftBuy/.venv/lib/python3.13/site-packages/rest_framework/views.py", line 512, in dispatch
    response = handler(request, *args, **kwargs)
  File "/Users/sammydoe/Documents/ECOMMERCE/SoftBuy/users/views.py", line 39, in post
    user = User.objects.create_user(email=email, password=password, first_name=name)
TypeError: UserManager.create_user() missing 1 required positional argument: 'username'
[12/Jan/2026 22:14:55] "POST /api/signup/ HTTP/1.1" 500 95145
Bad Request: /api/signup/
[12/Jan/2026 22:16:21] "POST /api/signup/ HTTP/1.1" 400 50
[12/Jan/2026 22:16:43] "GET /admin/appointments/appointment/ HTTP/1.1" 200 24225
[12/Jan/2026 22:16:43] "GET /admin/jsi18n/ HTTP/1.1" 200 3342
[12/Jan/2026 22:16:49] "GET /admin/appointments/appointment/? HTTP/1.1" 200 24225
[12/Jan/2026 22:16:50] "GET /admin/jsi18n/ HTTP/1.1" 200 3342
[12/Jan/2026 22:16:55] "GET /admin/appointments/appointment/?created_at__gte=2026-01-12+00%3A00%3A00%2B00%3A00&created_at__lt=2026-01-13+00%3A00%3A00%2B00%3A00 HTTP/1.1" 200 24829
[12/Jan/2026 22:16:55] "GET /admin/jsi18n/ HTTP/1.1" 200 3342
[12/Jan/2026 22:16:58] "GET /admin/appointments/appointment/?created_at__gte=2026-01-12+00%3A00%3A00%2B00%3A00&created_at__lt=2026-01-13+00%3A00%3A00%2B00%3A00 HTTP/1.1" 200 24829
[12/Jan/2026 22:16:58] "GET /admin/jsi18n/ HTTP/1.1" 200 3342
